  imguimanager.cpp
d:\engine\spp\sparky-plus4\sparky-core\ui\uimanager.h(39): warning C4251: “sparky::ui::UIManager::m_Widgets”: class“std::vector<sparky::ui::Widget *,std::allocator<_Ty>>”需要有 dll 接口由 class“sparky::ui::UIManager”的客户端使用
          with
          [
              _Ty=sparky::ui::Widget *
          ]
  d:\engine\spp\sparky-plus4\sparky-core\ui\uimanager.h(39): note: 参见“std::vector<sparky::ui::Widget *,std::allocator<_Ty>>”的声明
          with
          [
              _Ty=sparky::ui::Widget *
          ]
d:\engine\spp\sparky-plus4\sparky-ui\ui\imguimanager.cpp(60): warning C4273: “sparky::ui::ImguiManager::Initialize”: dll 链接不一致
  d:\engine\spp\sparky-plus4\sparky-ui\ui\imguimanager.h(21): note: 参见“Initialize”的前一个定义
d:\engine\spp\sparky-plus4\sparky-ui\ui\imguimanager.cpp(100): warning C4273: “sparky::ui::ImguiManager::Render”: dll 链接不一致
  d:\engine\spp\sparky-plus4\sparky-ui\ui\imguimanager.h(26): note: 参见“Render”的前一个定义
d:\engine\spp\sparky-plus4\sparky-ui\ui\imguimanager.cpp(105): warning C4273: “sparky::ui::ImguiManager::Begin”: dll 链接不一致
  d:\engine\spp\sparky-plus4\sparky-ui\ui\imguimanager.h(28): note: 参见“Begin”的前一个定义
d:\engine\spp\sparky-plus4\sparky-ui\ui\imguimanager.cpp(113): warning C4273: “sparky::ui::ImguiManager::End”: dll 链接不一致
  d:\engine\spp\sparky-plus4\sparky-ui\ui\imguimanager.h(29): note: 参见“End”的前一个定义
d:\engine\spp\sparky-plus4\sparky-ui\ui\imguimanager.cpp(132): warning C4273: “sparky::ui::ImguiManager::Shutdown”: dll 链接不一致
  d:\engine\spp\sparky-plus4\sparky-ui\ui\imguimanager.h(27): note: 参见“Shutdown”的前一个定义
d:\engine\spp\sparky-plus4\sparky-ui\ui\imguimanager.cpp(139): warning C4273: “sparky::ui::ImguiManager::ActiveUI”: dll 链接不一致
  d:\engine\spp\sparky-plus4\sparky-ui\ui\imguimanager.h(22): note: 参见“ActiveUI”的前一个定义
d:\engine\spp\sparky-plus4\sparky-ui\ui\imguimanager.cpp(178): warning C4273: “sparky::ui::ImguiManager::DeActiveUI”: dll 链接不一致
  d:\engine\spp\sparky-plus4\sparky-ui\ui\imguimanager.h(23): note: 参见“DeActiveUI”的前一个定义
  Sparky-ui.vcxproj -> D:\Engine\spp\sparky-plus4\x64\Debug\Sparky-ui.dll
